2023-03-14 13:13:11 NativeEvent(path="/Users/zhangjinjia/code/big_data/cs-e4640-big-data-platform/assignment-2-100537677/code/client-staging-input-directory/tenant1-listings_summary_1.csv", inode=23088605, flags=1d100, id=127410475): is_created, is_file, is_modified, is_owner_change, is_xattr_mod
2023-03-14 13:13:11 queue_event <FileCreatedEvent: event_type=created, src_path='/Users/zhangjinjia/code/big_data/cs-e4640-big-data-platform/assignment-2-100537677/code/client-staging-input-directory/tenant1-listings_summary_1.csv', is_directory=False
2023-03-14 13:13:11 queue_event <DirModifiedEvent: event_type=modified, src_path='/Users/zhangjinjia/code/big_data/cs-e4640-big-data-platform/assignment-2-100537677/code/client-staging-input-directory', is_directory=True
2023-03-14 13:13:11 queue_event <FileModifiedEvent: event_type=modified, src_path='/Users/zhangjinjia/code/big_data/cs-e4640-big-data-platform/assignment-2-100537677/code/client-staging-input-directory/tenant1-listings_summary_1.csv', is_directory=False
2023-03-14 13:13:11 NativeEvent(path="/Users/zhangjinjia/code/big_data/cs-e4640-big-data-platform/assignment-2-100537677/code/client-staging-input-directory/tenant1-listings_summary_2.csv", inode=23088606, flags=1d100, id=127410496): is_created, is_file, is_modified, is_owner_change, is_xattr_mod
2023-03-14 13:13:11 NativeEvent(path="/Users/zhangjinjia/code/big_data/cs-e4640-big-data-platform/assignment-2-100537677/code/client-staging-input-directory/tenant1-listings_summary_3.csv", inode=23088608, flags=1d100, id=127410528): is_created, is_file, is_modified, is_owner_change, is_xattr_mod
2023-03-14 13:13:11 NativeEvent(path="/Users/zhangjinjia/code/big_data/cs-e4640-big-data-platform/assignment-2-100537677/code/client-staging-input-directory/tenant1-listings_summary_4.csv", inode=23088609, flags=1d100, id=127410549): is_created, is_file, is_modified, is_owner_change, is_xattr_mod
2023-03-14 13:13:11 NativeEvent(path="/Users/zhangjinjia/code/big_data/cs-e4640-big-data-platform/assignment-2-100537677/code/client-staging-input-directory/tenant1-listings_summary_5.csv", inode=23088610, flags=1d100, id=127410570): is_created, is_file, is_modified, is_owner_change, is_xattr_mod
2023-03-14 13:13:11 NativeEvent(path="/Users/zhangjinjia/code/big_data/cs-e4640-big-data-platform/assignment-2-100537677/code/client-staging-input-directory/tenant1-listings_summary_6.csv", inode=23088611, flags=1c100, id=127410588): is_created, is_file, is_owner_change, is_xattr_mod
2023-03-14 13:13:11 queue_event <FileCreatedEvent: event_type=created, src_path='/Users/zhangjinjia/code/big_data/cs-e4640-big-data-platform/assignment-2-100537677/code/client-staging-input-directory/tenant1-listings_summary_2.csv', is_directory=False
2023-03-14 13:13:11 queue_event <DirModifiedEvent: event_type=modified, src_path='/Users/zhangjinjia/code/big_data/cs-e4640-big-data-platform/assignment-2-100537677/code/client-staging-input-directory', is_directory=True
2023-03-14 13:13:11 queue_event <FileModifiedEvent: event_type=modified, src_path='/Users/zhangjinjia/code/big_data/cs-e4640-big-data-platform/assignment-2-100537677/code/client-staging-input-directory/tenant1-listings_summary_2.csv', is_directory=False
2023-03-14 13:13:11 queue_event <FileCreatedEvent: event_type=created, src_path='/Users/zhangjinjia/code/big_data/cs-e4640-big-data-platform/assignment-2-100537677/code/client-staging-input-directory/tenant1-listings_summary_3.csv', is_directory=False
2023-03-14 13:13:11 queue_event <DirModifiedEvent: event_type=modified, src_path='/Users/zhangjinjia/code/big_data/cs-e4640-big-data-platform/assignment-2-100537677/code/client-staging-input-directory', is_directory=True
2023-03-14 13:13:11 queue_event <FileModifiedEvent: event_type=modified, src_path='/Users/zhangjinjia/code/big_data/cs-e4640-big-data-platform/assignment-2-100537677/code/client-staging-input-directory/tenant1-listings_summary_3.csv', is_directory=False
2023-03-14 13:13:11 queue_event <FileCreatedEvent: event_type=created, src_path='/Users/zhangjinjia/code/big_data/cs-e4640-big-data-platform/assignment-2-100537677/code/client-staging-input-directory/tenant1-listings_summary_4.csv', is_directory=False
2023-03-14 13:13:11 queue_event <DirModifiedEvent: event_type=modified, src_path='/Users/zhangjinjia/code/big_data/cs-e4640-big-data-platform/assignment-2-100537677/code/client-staging-input-directory', is_directory=True
2023-03-14 13:13:11 queue_event <FileModifiedEvent: event_type=modified, src_path='/Users/zhangjinjia/code/big_data/cs-e4640-big-data-platform/assignment-2-100537677/code/client-staging-input-directory/tenant1-listings_summary_4.csv', is_directory=False
2023-03-14 13:13:11 queue_event <FileCreatedEvent: event_type=created, src_path='/Users/zhangjinjia/code/big_data/cs-e4640-big-data-platform/assignment-2-100537677/code/client-staging-input-directory/tenant1-listings_summary_5.csv', is_directory=False
2023-03-14 13:13:11 queue_event <DirModifiedEvent: event_type=modified, src_path='/Users/zhangjinjia/code/big_data/cs-e4640-big-data-platform/assignment-2-100537677/code/client-staging-input-directory', is_directory=True
2023-03-14 13:13:11 queue_event <FileModifiedEvent: event_type=modified, src_path='/Users/zhangjinjia/code/big_data/cs-e4640-big-data-platform/assignment-2-100537677/code/client-staging-input-directory/tenant1-listings_summary_5.csv', is_directory=False
2023-03-14 13:13:11 queue_event <FileCreatedEvent: event_type=created, src_path='/Users/zhangjinjia/code/big_data/cs-e4640-big-data-platform/assignment-2-100537677/code/client-staging-input-directory/tenant1-listings_summary_6.csv', is_directory=False
2023-03-14 13:13:11 queue_event <DirModifiedEvent: event_type=modified, src_path='/Users/zhangjinjia/code/big_data/cs-e4640-big-data-platform/assignment-2-100537677/code/client-staging-input-directory', is_directory=True
2023-03-14 13:13:11 queue_event <FileModifiedEvent: event_type=modified, src_path='/Users/zhangjinjia/code/big_data/cs-e4640-big-data-platform/assignment-2-100537677/code/client-staging-input-directory/tenant1-listings_summary_6.csv', is_directory=False
2023-03-14 13:13:11 NativeEvent(path="/Users/zhangjinjia/code/big_data/cs-e4640-big-data-platform/assignment-2-100537677/code/client-staging-input-directory/tenant1-listings_summary_6.csv", inode=23088611, flags=1d100, id=127410591): is_created, is_file, is_modified, is_owner_change, is_xattr_mod
2023-03-14 13:13:11 NativeEvent(path="/Users/zhangjinjia/code/big_data/cs-e4640-big-data-platform/assignment-2-100537677/code/client-staging-input-directory/tenant1-listings_summary_7.csv", inode=23088612, flags=1d100, id=127410612): is_created, is_file, is_modified, is_owner_change, is_xattr_mod
2023-03-14 13:13:11 queue_event <FileModifiedEvent: event_type=modified, src_path='/Users/zhangjinjia/code/big_data/cs-e4640-big-data-platform/assignment-2-100537677/code/client-staging-input-directory/tenant1-listings_summary_6.csv', is_directory=False
2023-03-14 13:13:11 queue_event <FileCreatedEvent: event_type=created, src_path='/Users/zhangjinjia/code/big_data/cs-e4640-big-data-platform/assignment-2-100537677/code/client-staging-input-directory/tenant1-listings_summary_7.csv', is_directory=False
2023-03-14 13:13:11 queue_event <DirModifiedEvent: event_type=modified, src_path='/Users/zhangjinjia/code/big_data/cs-e4640-big-data-platform/assignment-2-100537677/code/client-staging-input-directory', is_directory=True
2023-03-14 13:13:11 queue_event <FileModifiedEvent: event_type=modified, src_path='/Users/zhangjinjia/code/big_data/cs-e4640-big-data-platform/assignment-2-100537677/code/client-staging-input-directory/tenant1-listings_summary_7.csv', is_directory=False
2023-03-14 13:13:11 NativeEvent(path="/Users/zhangjinjia/code/big_data/cs-e4640-big-data-platform/assignment-2-100537677/code/client-staging-input-directory/tenant1-listings_summary_8.csv", inode=23088613, flags=1d100, id=127410633): is_created, is_file, is_modified, is_owner_change, is_xattr_mod
2023-03-14 13:13:11 NativeEvent(path="/Users/zhangjinjia/code/big_data/cs-e4640-big-data-platform/assignment-2-100537677/code/client-staging-input-directory/tenant1-listings_summary_9.csv", inode=23088614, flags=1d100, id=127410654): is_created, is_file, is_modified, is_owner_change, is_xattr_mod
2023-03-14 13:13:11 NativeEvent(path="/Users/zhangjinjia/code/big_data/cs-e4640-big-data-platform/assignment-2-100537677/code/client-staging-input-directory/tenant1-listings_summary_10.csv", inode=23088615, flags=14100, id=127410660): is_created, is_file, is_owner_change
2023-03-14 13:13:11 queue_event <FileCreatedEvent: event_type=created, src_path='/Users/zhangjinjia/code/big_data/cs-e4640-big-data-platform/assignment-2-100537677/code/client-staging-input-directory/tenant1-listings_summary_8.csv', is_directory=False
2023-03-14 13:13:11 queue_event <DirModifiedEvent: event_type=modified, src_path='/Users/zhangjinjia/code/big_data/cs-e4640-big-data-platform/assignment-2-100537677/code/client-staging-input-directory', is_directory=True
2023-03-14 13:13:11 queue_event <FileModifiedEvent: event_type=modified, src_path='/Users/zhangjinjia/code/big_data/cs-e4640-big-data-platform/assignment-2-100537677/code/client-staging-input-directory/tenant1-listings_summary_8.csv', is_directory=False
2023-03-14 13:13:11 queue_event <FileCreatedEvent: event_type=created, src_path='/Users/zhangjinjia/code/big_data/cs-e4640-big-data-platform/assignment-2-100537677/code/client-staging-input-directory/tenant1-listings_summary_9.csv', is_directory=False
2023-03-14 13:13:11 queue_event <DirModifiedEvent: event_type=modified, src_path='/Users/zhangjinjia/code/big_data/cs-e4640-big-data-platform/assignment-2-100537677/code/client-staging-input-directory', is_directory=True
2023-03-14 13:13:11 queue_event <FileModifiedEvent: event_type=modified, src_path='/Users/zhangjinjia/code/big_data/cs-e4640-big-data-platform/assignment-2-100537677/code/client-staging-input-directory/tenant1-listings_summary_9.csv', is_directory=False
2023-03-14 13:13:11 queue_event <FileCreatedEvent: event_type=created, src_path='/Users/zhangjinjia/code/big_data/cs-e4640-big-data-platform/assignment-2-100537677/code/client-staging-input-directory/tenant1-listings_summary_10.csv', is_directory=False
2023-03-14 13:13:11 queue_event <DirModifiedEvent: event_type=modified, src_path='/Users/zhangjinjia/code/big_data/cs-e4640-big-data-platform/assignment-2-100537677/code/client-staging-input-directory', is_directory=True
2023-03-14 13:13:11 queue_event <FileModifiedEvent: event_type=modified, src_path='/Users/zhangjinjia/code/big_data/cs-e4640-big-data-platform/assignment-2-100537677/code/client-staging-input-directory/tenant1-listings_summary_10.csv', is_directory=False
2023-03-14 13:13:11 NativeEvent(path="/Users/zhangjinjia/code/big_data/cs-e4640-big-data-platform/assignment-2-100537677/code/client-staging-input-directory/tenant1-listings_summary_10.csv", inode=23088615, flags=1d100, id=127410675): is_created, is_file, is_modified, is_owner_change, is_xattr_mod
2023-03-14 13:13:11 queue_event <FileModifiedEvent: event_type=modified, src_path='/Users/zhangjinjia/code/big_data/cs-e4640-big-data-platform/assignment-2-100537677/code/client-staging-input-directory/tenant1-listings_summary_10.csv', is_directory=False
2023-03-14 13:13:11 NativeEvent(path="/Users/zhangjinjia/code/big_data/cs-e4640-big-data-platform/assignment-2-100537677/code/client-staging-input-directory/tenant2-listings_summary_1.csv", inode=23088616, flags=1d100, id=127410696): is_created, is_file, is_modified, is_owner_change, is_xattr_mod
2023-03-14 13:13:11 queue_event <FileCreatedEvent: event_type=created, src_path='/Users/zhangjinjia/code/big_data/cs-e4640-big-data-platform/assignment-2-100537677/code/client-staging-input-directory/tenant2-listings_summary_1.csv', is_directory=False
2023-03-14 13:13:11 queue_event <DirModifiedEvent: event_type=modified, src_path='/Users/zhangjinjia/code/big_data/cs-e4640-big-data-platform/assignment-2-100537677/code/client-staging-input-directory', is_directory=True
2023-03-14 13:13:11 queue_event <FileModifiedEvent: event_type=modified, src_path='/Users/zhangjinjia/code/big_data/cs-e4640-big-data-platform/assignment-2-100537677/code/client-staging-input-directory/tenant2-listings_summary_1.csv', is_directory=False
2023-03-14 13:13:11 NativeEvent(path="/Users/zhangjinjia/code/big_data/cs-e4640-big-data-platform/assignment-2-100537677/code/client-staging-input-directory/tenant2-listings_summary_2.csv", inode=23088617, flags=1d100, id=127410717): is_created, is_file, is_modified, is_owner_change, is_xattr_mod
2023-03-14 13:13:11 NativeEvent(path="/Users/zhangjinjia/code/big_data/cs-e4640-big-data-platform/assignment-2-100537677/code/client-staging-input-directory/tenant2-listings_summary_3.csv", inode=23088618, flags=1d100, id=127410738): is_created, is_file, is_modified, is_owner_change, is_xattr_mod
2023-03-14 13:13:11 queue_event <FileCreatedEvent: event_type=created, src_path='/Users/zhangjinjia/code/big_data/cs-e4640-big-data-platform/assignment-2-100537677/code/client-staging-input-directory/tenant2-listings_summary_2.csv', is_directory=False
2023-03-14 13:13:11 queue_event <DirModifiedEvent: event_type=modified, src_path='/Users/zhangjinjia/code/big_data/cs-e4640-big-data-platform/assignment-2-100537677/code/client-staging-input-directory', is_directory=True
2023-03-14 13:13:11 queue_event <FileModifiedEvent: event_type=modified, src_path='/Users/zhangjinjia/code/big_data/cs-e4640-big-data-platform/assignment-2-100537677/code/client-staging-input-directory/tenant2-listings_summary_2.csv', is_directory=False
2023-03-14 13:13:11 queue_event <FileCreatedEvent: event_type=created, src_path='/Users/zhangjinjia/code/big_data/cs-e4640-big-data-platform/assignment-2-100537677/code/client-staging-input-directory/tenant2-listings_summary_3.csv', is_directory=False
2023-03-14 13:13:11 queue_event <DirModifiedEvent: event_type=modified, src_path='/Users/zhangjinjia/code/big_data/cs-e4640-big-data-platform/assignment-2-100537677/code/client-staging-input-directory', is_directory=True
2023-03-14 13:13:11 queue_event <FileModifiedEvent: event_type=modified, src_path='/Users/zhangjinjia/code/big_data/cs-e4640-big-data-platform/assignment-2-100537677/code/client-staging-input-directory/tenant2-listings_summary_3.csv', is_directory=False
2023-03-14 13:13:11 NativeEvent(path="/Users/zhangjinjia/code/big_data/cs-e4640-big-data-platform/assignment-2-100537677/code/client-staging-input-directory/tenant2-listings_summary_4.csv", inode=23088619, flags=1d100, id=127410759): is_created, is_file, is_modified, is_owner_change, is_xattr_mod
2023-03-14 13:13:11 NativeEvent(path="/Users/zhangjinjia/code/big_data/cs-e4640-big-data-platform/assignment-2-100537677/code/client-staging-input-directory/tenant2-listings_summary_5.csv", inode=23088620, flags=1d100, id=127410780): is_created, is_file, is_modified, is_owner_change, is_xattr_mod
2023-03-14 13:13:11 queue_event <FileCreatedEvent: event_type=created, src_path='/Users/zhangjinjia/code/big_data/cs-e4640-big-data-platform/assignment-2-100537677/code/client-staging-input-directory/tenant2-listings_summary_4.csv', is_directory=False
2023-03-14 13:13:11 queue_event <DirModifiedEvent: event_type=modified, src_path='/Users/zhangjinjia/code/big_data/cs-e4640-big-data-platform/assignment-2-100537677/code/client-staging-input-directory', is_directory=True
2023-03-14 13:13:11 queue_event <FileModifiedEvent: event_type=modified, src_path='/Users/zhangjinjia/code/big_data/cs-e4640-big-data-platform/assignment-2-100537677/code/client-staging-input-directory/tenant2-listings_summary_4.csv', is_directory=False
2023-03-14 13:13:11 queue_event <FileCreatedEvent: event_type=created, src_path='/Users/zhangjinjia/code/big_data/cs-e4640-big-data-platform/assignment-2-100537677/code/client-staging-input-directory/tenant2-listings_summary_5.csv', is_directory=False
2023-03-14 13:13:11 queue_event <DirModifiedEvent: event_type=modified, src_path='/Users/zhangjinjia/code/big_data/cs-e4640-big-data-platform/assignment-2-100537677/code/client-staging-input-directory', is_directory=True
2023-03-14 13:13:11 queue_event <FileModifiedEvent: event_type=modified, src_path='/Users/zhangjinjia/code/big_data/cs-e4640-big-data-platform/assignment-2-100537677/code/client-staging-input-directory/tenant2-listings_summary_5.csv', is_directory=False
2023-03-14 13:13:11 NativeEvent(path="/Users/zhangjinjia/code/big_data/cs-e4640-big-data-platform/assignment-2-100537677/code/client-staging-input-directory/tenant2-listings_summary_6.csv", inode=23088621, flags=1d100, id=127410801): is_created, is_file, is_modified, is_owner_change, is_xattr_mod
2023-03-14 13:13:11 queue_event <FileCreatedEvent: event_type=created, src_path='/Users/zhangjinjia/code/big_data/cs-e4640-big-data-platform/assignment-2-100537677/code/client-staging-input-directory/tenant2-listings_summary_6.csv', is_directory=False
2023-03-14 13:13:11 queue_event <DirModifiedEvent: event_type=modified, src_path='/Users/zhangjinjia/code/big_data/cs-e4640-big-data-platform/assignment-2-100537677/code/client-staging-input-directory', is_directory=True
2023-03-14 13:13:11 queue_event <FileModifiedEvent: event_type=modified, src_path='/Users/zhangjinjia/code/big_data/cs-e4640-big-data-platform/assignment-2-100537677/code/client-staging-input-directory/tenant2-listings_summary_6.csv', is_directory=False
2023-03-14 13:13:11 NativeEvent(path="/Users/zhangjinjia/code/big_data/cs-e4640-big-data-platform/assignment-2-100537677/code/client-staging-input-directory/tenant2-listings_summary_7.csv", inode=23088622, flags=1d100, id=127410822): is_created, is_file, is_modified, is_owner_change, is_xattr_mod
2023-03-14 13:13:11 NativeEvent(path="/Users/zhangjinjia/code/big_data/cs-e4640-big-data-platform/assignment-2-100537677/code/client-staging-input-directory/tenant2-listings_summary_8.csv", inode=23088623, flags=1d100, id=127410843): is_created, is_file, is_modified, is_owner_change, is_xattr_mod
2023-03-14 13:13:11 queue_event <FileCreatedEvent: event_type=created, src_path='/Users/zhangjinjia/code/big_data/cs-e4640-big-data-platform/assignment-2-100537677/code/client-staging-input-directory/tenant2-listings_summary_7.csv', is_directory=False
2023-03-14 13:13:11 queue_event <DirModifiedEvent: event_type=modified, src_path='/Users/zhangjinjia/code/big_data/cs-e4640-big-data-platform/assignment-2-100537677/code/client-staging-input-directory', is_directory=True
2023-03-14 13:13:11 queue_event <FileModifiedEvent: event_type=modified, src_path='/Users/zhangjinjia/code/big_data/cs-e4640-big-data-platform/assignment-2-100537677/code/client-staging-input-directory/tenant2-listings_summary_7.csv', is_directory=False
2023-03-14 13:13:11 queue_event <FileCreatedEvent: event_type=created, src_path='/Users/zhangjinjia/code/big_data/cs-e4640-big-data-platform/assignment-2-100537677/code/client-staging-input-directory/tenant2-listings_summary_8.csv', is_directory=False
2023-03-14 13:13:11 queue_event <DirModifiedEvent: event_type=modified, src_path='/Users/zhangjinjia/code/big_data/cs-e4640-big-data-platform/assignment-2-100537677/code/client-staging-input-directory', is_directory=True
2023-03-14 13:13:11 queue_event <FileModifiedEvent: event_type=modified, src_path='/Users/zhangjinjia/code/big_data/cs-e4640-big-data-platform/assignment-2-100537677/code/client-staging-input-directory/tenant2-listings_summary_8.csv', is_directory=False
2023-03-14 13:13:11 NativeEvent(path="/Users/zhangjinjia/code/big_data/cs-e4640-big-data-platform/assignment-2-100537677/code/client-staging-input-directory/tenant2-listings_summary_9.csv", inode=23088624, flags=1d100, id=127410864): is_created, is_file, is_modified, is_owner_change, is_xattr_mod
2023-03-14 13:13:11 queue_event <FileCreatedEvent: event_type=created, src_path='/Users/zhangjinjia/code/big_data/cs-e4640-big-data-platform/assignment-2-100537677/code/client-staging-input-directory/tenant2-listings_summary_9.csv', is_directory=False
2023-03-14 13:13:11 queue_event <DirModifiedEvent: event_type=modified, src_path='/Users/zhangjinjia/code/big_data/cs-e4640-big-data-platform/assignment-2-100537677/code/client-staging-input-directory', is_directory=True
2023-03-14 13:13:11 queue_event <FileModifiedEvent: event_type=modified, src_path='/Users/zhangjinjia/code/big_data/cs-e4640-big-data-platform/assignment-2-100537677/code/client-staging-input-directory/tenant2-listings_summary_9.csv', is_directory=False
2023-03-14 13:13:11 NativeEvent(path="/Users/zhangjinjia/code/big_data/cs-e4640-big-data-platform/assignment-2-100537677/code/client-staging-input-directory/tenant2-listings_summary_10.csv", inode=23088625, flags=1d100, id=127410885): is_created, is_file, is_modified, is_owner_change, is_xattr_mod
2023-03-14 13:13:11 queue_event <FileCreatedEvent: event_type=created, src_path='/Users/zhangjinjia/code/big_data/cs-e4640-big-data-platform/assignment-2-100537677/code/client-staging-input-directory/tenant2-listings_summary_10.csv', is_directory=False
2023-03-14 13:13:11 queue_event <DirModifiedEvent: event_type=modified, src_path='/Users/zhangjinjia/code/big_data/cs-e4640-big-data-platform/assignment-2-100537677/code/client-staging-input-directory', is_directory=True
2023-03-14 13:13:11 queue_event <FileModifiedEvent: event_type=modified, src_path='/Users/zhangjinjia/code/big_data/cs-e4640-big-data-platform/assignment-2-100537677/code/client-staging-input-directory/tenant2-listings_summary_10.csv', is_directory=False
2023-03-14 13:13:14 Ingestion result: True metrics: {'ingestion_time': 2.8148858547210693, 'ingestion_type': 'batch', 'file_name': 'tenant1-listings_summary_1.csv', 'ingestion_rate': 2630358.8785250005, 'data_size': 7404160, 'successful_rows': 40438, 'failed_rows': 0, 'tenant_name': 'tenant1', 'timestamp': '2023-03-14 13:13:14.685744'}
2023-03-14 13:13:14 NativeEvent(path="/Users/zhangjinjia/code/big_data/cs-e4640-big-data-platform/assignment-2-100537677/code/client-staging-input-directory/tenant1-listings_summary_1.csv", inode=23088605, flags=10200, id=127410959): is_file, is_removed
2023-03-14 13:13:14 queue_event <FileDeletedEvent: event_type=deleted, src_path='/Users/zhangjinjia/code/big_data/cs-e4640-big-data-platform/assignment-2-100537677/code/client-staging-input-directory/tenant1-listings_summary_1.csv', is_directory=False
2023-03-14 13:13:14 queue_event <DirModifiedEvent: event_type=modified, src_path='/Users/zhangjinjia/code/big_data/cs-e4640-big-data-platform/assignment-2-100537677/code/client-staging-input-directory', is_directory=True
2023-03-14 13:13:16 Ingestion result: True metrics: {'ingestion_time': 2.1944172382354736, 'ingestion_type': 'batch', 'file_name': 'tenant1-listings_summary_2.csv', 'ingestion_rate': 3374089.4261082592, 'data_size': 7404160, 'successful_rows': 40438, 'failed_rows': 0, 'tenant_name': 'tenant1', 'timestamp': '2023-03-14 13:13:16.891313'}
2023-03-14 13:13:16 NativeEvent(path="/Users/zhangjinjia/code/big_data/cs-e4640-big-data-platform/assignment-2-100537677/code/client-staging-input-directory/tenant1-listings_summary_2.csv", inode=23088606, flags=10200, id=127410971): is_file, is_removed
2023-03-14 13:13:16 queue_event <FileDeletedEvent: event_type=deleted, src_path='/Users/zhangjinjia/code/big_data/cs-e4640-big-data-platform/assignment-2-100537677/code/client-staging-input-directory/tenant1-listings_summary_2.csv', is_directory=False
2023-03-14 13:13:16 queue_event <DirModifiedEvent: event_type=modified, src_path='/Users/zhangjinjia/code/big_data/cs-e4640-big-data-platform/assignment-2-100537677/code/client-staging-input-directory', is_directory=True
2023-03-14 13:13:19 Ingestion result: True metrics: {'ingestion_time': 2.63973331451416, 'ingestion_type': 'batch', 'file_name': 'tenant1-listings_summary_3.csv', 'ingestion_rate': 2804889.4027625388, 'data_size': 7404160, 'successful_rows': 40438, 'failed_rows': 0, 'tenant_name': 'tenant1', 'timestamp': '2023-03-14 13:13:19.543994'}
2023-03-14 13:13:19 NativeEvent(path="/Users/zhangjinjia/code/big_data/cs-e4640-big-data-platform/assignment-2-100537677/code/client-staging-input-directory/tenant1-listings_summary_3.csv", inode=23088608, flags=10200, id=127410977): is_file, is_removed
2023-03-14 13:13:19 queue_event <FileDeletedEvent: event_type=deleted, src_path='/Users/zhangjinjia/code/big_data/cs-e4640-big-data-platform/assignment-2-100537677/code/client-staging-input-directory/tenant1-listings_summary_3.csv', is_directory=False
2023-03-14 13:13:19 queue_event <DirModifiedEvent: event_type=modified, src_path='/Users/zhangjinjia/code/big_data/cs-e4640-big-data-platform/assignment-2-100537677/code/client-staging-input-directory', is_directory=True
2023-03-14 13:13:21 Ingestion result: True metrics: {'ingestion_time': 2.202678918838501, 'ingestion_type': 'batch', 'file_name': 'tenant1-listings_summary_4.csv', 'ingestion_rate': 3361434.086772984, 'data_size': 7404160, 'successful_rows': 40438, 'failed_rows': 0, 'tenant_name': 'tenant1', 'timestamp': '2023-03-14 13:13:21.757984'}
2023-03-14 13:13:21 NativeEvent(path="/Users/zhangjinjia/code/big_data/cs-e4640-big-data-platform/assignment-2-100537677/code/client-staging-input-directory/tenant1-listings_summary_4.csv", inode=23088609, flags=10200, id=127411003): is_file, is_removed
2023-03-14 13:13:21 queue_event <FileDeletedEvent: event_type=deleted, src_path='/Users/zhangjinjia/code/big_data/cs-e4640-big-data-platform/assignment-2-100537677/code/client-staging-input-directory/tenant1-listings_summary_4.csv', is_directory=False
2023-03-14 13:13:21 queue_event <DirModifiedEvent: event_type=modified, src_path='/Users/zhangjinjia/code/big_data/cs-e4640-big-data-platform/assignment-2-100537677/code/client-staging-input-directory', is_directory=True
2023-03-14 13:13:24 Ingestion result: True metrics: {'ingestion_time': 2.3239269256591797, 'ingestion_type': 'batch', 'file_name': 'tenant1-listings_summary_5.csv', 'ingestion_rate': 3186055.4298194284, 'data_size': 7404160, 'successful_rows': 40438, 'failed_rows': 0, 'tenant_name': 'tenant1', 'timestamp': '2023-03-14 13:13:24.092218'}
2023-03-14 13:13:24 NativeEvent(path="/Users/zhangjinjia/code/big_data/cs-e4640-big-data-platform/assignment-2-100537677/code/client-staging-input-directory/tenant1-listings_summary_5.csv", inode=23088610, flags=10200, id=127411035): is_file, is_removed
2023-03-14 13:13:24 queue_event <FileDeletedEvent: event_type=deleted, src_path='/Users/zhangjinjia/code/big_data/cs-e4640-big-data-platform/assignment-2-100537677/code/client-staging-input-directory/tenant1-listings_summary_5.csv', is_directory=False
2023-03-14 13:13:24 queue_event <DirModifiedEvent: event_type=modified, src_path='/Users/zhangjinjia/code/big_data/cs-e4640-big-data-platform/assignment-2-100537677/code/client-staging-input-directory', is_directory=True
2023-03-14 13:13:26 Ingestion result: True metrics: {'ingestion_time': 2.279772996902466, 'ingestion_type': 'batch', 'file_name': 'tenant1-listings_summary_6.csv', 'ingestion_rate': 3247761.9526417996, 'data_size': 7404160, 'successful_rows': 40438, 'failed_rows': 0, 'tenant_name': 'tenant1', 'timestamp': '2023-03-14 13:13:26.387287'}
2023-03-14 13:13:26 NativeEvent(path="/Users/zhangjinjia/code/big_data/cs-e4640-big-data-platform/assignment-2-100537677/code/client-staging-input-directory/tenant1-listings_summary_6.csv", inode=23088611, flags=10200, id=127411062): is_file, is_removed
2023-03-14 13:13:26 queue_event <FileDeletedEvent: event_type=deleted, src_path='/Users/zhangjinjia/code/big_data/cs-e4640-big-data-platform/assignment-2-100537677/code/client-staging-input-directory/tenant1-listings_summary_6.csv', is_directory=False
2023-03-14 13:13:26 queue_event <DirModifiedEvent: event_type=modified, src_path='/Users/zhangjinjia/code/big_data/cs-e4640-big-data-platform/assignment-2-100537677/code/client-staging-input-directory', is_directory=True
2023-03-14 13:13:28 Ingestion result: True metrics: {'ingestion_time': 2.2389769554138184, 'ingestion_type': 'batch', 'file_name': 'tenant1-listings_summary_7.csv', 'ingestion_rate': 3306938.904438848, 'data_size': 7404160, 'successful_rows': 40438, 'failed_rows': 0, 'tenant_name': 'tenant1', 'timestamp': '2023-03-14 13:13:28.636306'}
2023-03-14 13:13:28 NativeEvent(path="/Users/zhangjinjia/code/big_data/cs-e4640-big-data-platform/assignment-2-100537677/code/client-staging-input-directory/tenant1-listings_summary_7.csv", inode=23088612, flags=10200, id=127411104): is_file, is_removed
2023-03-14 13:13:28 queue_event <FileDeletedEvent: event_type=deleted, src_path='/Users/zhangjinjia/code/big_data/cs-e4640-big-data-platform/assignment-2-100537677/code/client-staging-input-directory/tenant1-listings_summary_7.csv', is_directory=False
2023-03-14 13:13:28 queue_event <DirModifiedEvent: event_type=modified, src_path='/Users/zhangjinjia/code/big_data/cs-e4640-big-data-platform/assignment-2-100537677/code/client-staging-input-directory', is_directory=True
2023-03-14 13:13:30 Ingestion result: True metrics: {'ingestion_time': 2.1853578090667725, 'ingestion_type': 'batch', 'file_name': 'tenant1-listings_summary_8.csv', 'ingestion_rate': 3388076.757628009, 'data_size': 7404160, 'successful_rows': 40438, 'failed_rows': 0, 'tenant_name': 'tenant1', 'timestamp': '2023-03-14 13:13:30.832485'}
2023-03-14 13:13:30 NativeEvent(path="/Users/zhangjinjia/code/big_data/cs-e4640-big-data-platform/assignment-2-100537677/code/client-staging-input-directory/tenant1-listings_summary_8.csv", inode=23088613, flags=10200, id=127411134): is_file, is_removed
2023-03-14 13:13:30 queue_event <FileDeletedEvent: event_type=deleted, src_path='/Users/zhangjinjia/code/big_data/cs-e4640-big-data-platform/assignment-2-100537677/code/client-staging-input-directory/tenant1-listings_summary_8.csv', is_directory=False
2023-03-14 13:13:30 queue_event <DirModifiedEvent: event_type=modified, src_path='/Users/zhangjinjia/code/big_data/cs-e4640-big-data-platform/assignment-2-100537677/code/client-staging-input-directory', is_directory=True
2023-03-14 13:13:33 Ingestion result: True metrics: {'ingestion_time': 2.426826000213623, 'ingestion_type': 'batch', 'file_name': 'tenant1-listings_summary_9.csv', 'ingestion_rate': 3050964.5105781145, 'data_size': 7404160, 'successful_rows': 40438, 'failed_rows': 0, 'tenant_name': 'tenant1', 'timestamp': '2023-03-14 13:13:33.272531'}
2023-03-14 13:13:33 NativeEvent(path="/Users/zhangjinjia/code/big_data/cs-e4640-big-data-platform/assignment-2-100537677/code/client-staging-input-directory/tenant1-listings_summary_9.csv", inode=23088614, flags=10200, id=127411201): is_file, is_removed
2023-03-14 13:13:33 queue_event <FileDeletedEvent: event_type=deleted, src_path='/Users/zhangjinjia/code/big_data/cs-e4640-big-data-platform/assignment-2-100537677/code/client-staging-input-directory/tenant1-listings_summary_9.csv', is_directory=False
2023-03-14 13:13:33 queue_event <DirModifiedEvent: event_type=modified, src_path='/Users/zhangjinjia/code/big_data/cs-e4640-big-data-platform/assignment-2-100537677/code/client-staging-input-directory', is_directory=True
2023-03-14 13:13:35 Ingestion result: True metrics: {'ingestion_time': 2.6054911613464355, 'ingestion_type': 'batch', 'file_name': 'tenant1-listings_summary_10.csv', 'ingestion_rate': 2841752.1079494907, 'data_size': 7404160, 'successful_rows': 40438, 'failed_rows': 0, 'tenant_name': 'tenant1', 'timestamp': '2023-03-14 13:13:35.891052'}
2023-03-14 13:13:35 NativeEvent(path="/Users/zhangjinjia/code/big_data/cs-e4640-big-data-platform/assignment-2-100537677/code/client-staging-input-directory/tenant1-listings_summary_10.csv", inode=23088615, flags=10200, id=127411225): is_file, is_removed
2023-03-14 13:13:35 queue_event <FileDeletedEvent: event_type=deleted, src_path='/Users/zhangjinjia/code/big_data/cs-e4640-big-data-platform/assignment-2-100537677/code/client-staging-input-directory/tenant1-listings_summary_10.csv', is_directory=False
2023-03-14 13:13:35 queue_event <DirModifiedEvent: event_type=modified, src_path='/Users/zhangjinjia/code/big_data/cs-e4640-big-data-platform/assignment-2-100537677/code/client-staging-input-directory', is_directory=True
2023-03-14 13:13:38 Ingestion result: True metrics: {'ingestion_time': 2.5743072032928467, 'ingestion_type': 'batch', 'file_name': 'tenant2-listings_summary_1.csv', 'ingestion_rate': 2876166.978589409, 'data_size': 7404160, 'successful_rows': 40438, 'failed_rows': 0, 'tenant_name': 'tenant2', 'timestamp': '2023-03-14 13:13:38.479439'}
2023-03-14 13:13:38 NativeEvent(path="/Users/zhangjinjia/code/big_data/cs-e4640-big-data-platform/assignment-2-100537677/code/client-staging-input-directory/tenant2-listings_summary_1.csv", inode=23088616, flags=10200, id=127411260): is_file, is_removed
2023-03-14 13:13:38 queue_event <FileDeletedEvent: event_type=deleted, src_path='/Users/zhangjinjia/code/big_data/cs-e4640-big-data-platform/assignment-2-100537677/code/client-staging-input-directory/tenant2-listings_summary_1.csv', is_directory=False
2023-03-14 13:13:38 queue_event <DirModifiedEvent: event_type=modified, src_path='/Users/zhangjinjia/code/big_data/cs-e4640-big-data-platform/assignment-2-100537677/code/client-staging-input-directory', is_directory=True
2023-03-14 13:13:40 Ingestion result: True metrics: {'ingestion_time': 2.3502519130706787, 'ingestion_type': 'batch', 'file_name': 'tenant2-listings_summary_2.csv', 'ingestion_rate': 3150351.0956421387, 'data_size': 7404160, 'successful_rows': 40438, 'failed_rows': 0, 'tenant_name': 'tenant2', 'timestamp': '2023-03-14 13:13:40.843016'}
2023-03-14 13:13:40 NativeEvent(path="/Users/zhangjinjia/code/big_data/cs-e4640-big-data-platform/assignment-2-100537677/code/client-staging-input-directory/tenant2-listings_summary_2.csv", inode=23088617, flags=10200, id=127411305): is_file, is_removed
2023-03-14 13:13:40 queue_event <FileDeletedEvent: event_type=deleted, src_path='/Users/zhangjinjia/code/big_data/cs-e4640-big-data-platform/assignment-2-100537677/code/client-staging-input-directory/tenant2-listings_summary_2.csv', is_directory=False
2023-03-14 13:13:40 queue_event <DirModifiedEvent: event_type=modified, src_path='/Users/zhangjinjia/code/big_data/cs-e4640-big-data-platform/assignment-2-100537677/code/client-staging-input-directory', is_directory=True
2023-03-14 13:13:43 Ingestion result: True metrics: {'ingestion_time': 2.266911029815674, 'ingestion_type': 'batch', 'file_name': 'tenant2-listings_summary_3.csv', 'ingestion_rate': 3266182.187234635, 'data_size': 7404160, 'successful_rows': 40438, 'failed_rows': 0, 'tenant_name': 'tenant2', 'timestamp': '2023-03-14 13:13:43.121495'}
2023-03-14 13:13:43 NativeEvent(path="/Users/zhangjinjia/code/big_data/cs-e4640-big-data-platform/assignment-2-100537677/code/client-staging-input-directory/tenant2-listings_summary_3.csv", inode=23088618, flags=10200, id=127411338): is_file, is_removed
2023-03-14 13:13:43 queue_event <FileDeletedEvent: event_type=deleted, src_path='/Users/zhangjinjia/code/big_data/cs-e4640-big-data-platform/assignment-2-100537677/code/client-staging-input-directory/tenant2-listings_summary_3.csv', is_directory=False
2023-03-14 13:13:43 queue_event <DirModifiedEvent: event_type=modified, src_path='/Users/zhangjinjia/code/big_data/cs-e4640-big-data-platform/assignment-2-100537677/code/client-staging-input-directory', is_directory=True
2023-03-14 13:13:54 Ingestion result: True metrics: {'ingestion_time': 11.769948959350586, 'ingestion_type': 'batch', 'file_name': 'tenant2-listings_summary_4.csv', 'ingestion_rate': 629072.4944177568, 'data_size': 7404160, 'successful_rows': 40438, 'failed_rows': 0, 'tenant_name': 'tenant2', 'timestamp': '2023-03-14 13:13:54.903587'}
2023-03-14 13:13:54 NativeEvent(path="/Users/zhangjinjia/code/big_data/cs-e4640-big-data-platform/assignment-2-100537677/code/client-staging-input-directory/tenant2-listings_summary_4.csv", inode=23088619, flags=10200, id=127411428): is_file, is_removed
2023-03-14 13:13:54 queue_event <FileDeletedEvent: event_type=deleted, src_path='/Users/zhangjinjia/code/big_data/cs-e4640-big-data-platform/assignment-2-100537677/code/client-staging-input-directory/tenant2-listings_summary_4.csv', is_directory=False
2023-03-14 13:13:54 queue_event <DirModifiedEvent: event_type=modified, src_path='/Users/zhangjinjia/code/big_data/cs-e4640-big-data-platform/assignment-2-100537677/code/client-staging-input-directory', is_directory=True
2023-03-14 13:13:57 Ingestion result: True metrics: {'ingestion_time': 2.1871869564056396, 'ingestion_type': 'batch', 'file_name': 'tenant2-listings_summary_5.csv', 'ingestion_rate': 3385235.555264871, 'data_size': 7404160, 'successful_rows': 40438, 'failed_rows': 0, 'tenant_name': 'tenant2', 'timestamp': '2023-03-14 13:13:57.113011'}
2023-03-14 13:13:57 NativeEvent(path="/Users/zhangjinjia/code/big_data/cs-e4640-big-data-platform/assignment-2-100537677/code/client-staging-input-directory/tenant2-listings_summary_5.csv", inode=23088620, flags=10200, id=127411431): is_file, is_removed
2023-03-14 13:13:57 queue_event <FileDeletedEvent: event_type=deleted, src_path='/Users/zhangjinjia/code/big_data/cs-e4640-big-data-platform/assignment-2-100537677/code/client-staging-input-directory/tenant2-listings_summary_5.csv', is_directory=False
2023-03-14 13:13:57 queue_event <DirModifiedEvent: event_type=modified, src_path='/Users/zhangjinjia/code/big_data/cs-e4640-big-data-platform/assignment-2-100537677/code/client-staging-input-directory', is_directory=True
2023-03-14 13:13:59 Ingestion result: True metrics: {'ingestion_time': 2.343863010406494, 'ingestion_type': 'batch', 'file_name': 'tenant2-listings_summary_6.csv', 'ingestion_rate': 3158945.0236580386, 'data_size': 7404160, 'successful_rows': 40438, 'failed_rows': 0, 'tenant_name': 'tenant2', 'timestamp': '2023-03-14 13:13:59.467838'}
2023-03-14 13:13:59 NativeEvent(path="/Users/zhangjinjia/code/big_data/cs-e4640-big-data-platform/assignment-2-100537677/code/client-staging-input-directory/tenant2-listings_summary_6.csv", inode=23088621, flags=10200, id=127411434): is_file, is_removed
2023-03-14 13:13:59 queue_event <FileDeletedEvent: event_type=deleted, src_path='/Users/zhangjinjia/code/big_data/cs-e4640-big-data-platform/assignment-2-100537677/code/client-staging-input-directory/tenant2-listings_summary_6.csv', is_directory=False
2023-03-14 13:13:59 queue_event <DirModifiedEvent: event_type=modified, src_path='/Users/zhangjinjia/code/big_data/cs-e4640-big-data-platform/assignment-2-100537677/code/client-staging-input-directory', is_directory=True
2023-03-14 13:14:01 Ingestion result: True metrics: {'ingestion_time': 2.3208439350128174, 'ingestion_type': 'batch', 'file_name': 'tenant2-listings_summary_7.csv', 'ingestion_rate': 3190237.945463326, 'data_size': 7404160, 'successful_rows': 40438, 'failed_rows': 0, 'tenant_name': 'tenant2', 'timestamp': '2023-03-14 13:14:01.800092'}
2023-03-14 13:14:01 NativeEvent(path="/Users/zhangjinjia/code/big_data/cs-e4640-big-data-platform/assignment-2-100537677/code/client-staging-input-directory/tenant2-listings_summary_7.csv", inode=23088622, flags=10200, id=127411437): is_file, is_removed
2023-03-14 13:14:01 queue_event <FileDeletedEvent: event_type=deleted, src_path='/Users/zhangjinjia/code/big_data/cs-e4640-big-data-platform/assignment-2-100537677/code/client-staging-input-directory/tenant2-listings_summary_7.csv', is_directory=False
2023-03-14 13:14:01 queue_event <DirModifiedEvent: event_type=modified, src_path='/Users/zhangjinjia/code/big_data/cs-e4640-big-data-platform/assignment-2-100537677/code/client-staging-input-directory', is_directory=True
2023-03-14 13:14:04 Ingestion result: True metrics: {'ingestion_time': 2.807774305343628, 'ingestion_type': 'batch', 'file_name': 'tenant2-listings_summary_8.csv', 'ingestion_rate': 2637012.783945514, 'data_size': 7404160, 'successful_rows': 40438, 'failed_rows': 0, 'tenant_name': 'tenant2', 'timestamp': '2023-03-14 13:14:04.621904'}
2023-03-14 13:14:04 NativeEvent(path="/Users/zhangjinjia/code/big_data/cs-e4640-big-data-platform/assignment-2-100537677/code/client-staging-input-directory/tenant2-listings_summary_8.csv", inode=23088623, flags=10200, id=127411509): is_file, is_removed
2023-03-14 13:14:04 queue_event <FileDeletedEvent: event_type=deleted, src_path='/Users/zhangjinjia/code/big_data/cs-e4640-big-data-platform/assignment-2-100537677/code/client-staging-input-directory/tenant2-listings_summary_8.csv', is_directory=False
2023-03-14 13:14:04 queue_event <DirModifiedEvent: event_type=modified, src_path='/Users/zhangjinjia/code/big_data/cs-e4640-big-data-platform/assignment-2-100537677/code/client-staging-input-directory', is_directory=True
2023-03-14 13:14:07 Ingestion result: True metrics: {'ingestion_time': 2.615751028060913, 'ingestion_type': 'batch', 'file_name': 'tenant2-listings_summary_9.csv', 'ingestion_rate': 2830566.830234885, 'data_size': 7404160, 'successful_rows': 40438, 'failed_rows': 0, 'tenant_name': 'tenant2', 'timestamp': '2023-03-14 13:14:07.247630'}
2023-03-14 13:14:07 NativeEvent(path="/Users/zhangjinjia/code/big_data/cs-e4640-big-data-platform/assignment-2-100537677/code/client-staging-input-directory/tenant2-listings_summary_9.csv", inode=23088624, flags=10200, id=127411512): is_file, is_removed
2023-03-14 13:14:07 queue_event <FileDeletedEvent: event_type=deleted, src_path='/Users/zhangjinjia/code/big_data/cs-e4640-big-data-platform/assignment-2-100537677/code/client-staging-input-directory/tenant2-listings_summary_9.csv', is_directory=False
2023-03-14 13:14:07 queue_event <DirModifiedEvent: event_type=modified, src_path='/Users/zhangjinjia/code/big_data/cs-e4640-big-data-platform/assignment-2-100537677/code/client-staging-input-directory', is_directory=True
2023-03-14 13:15:23 Ingestion result: True metrics: {'ingestion_time': 75.8940920829773, 'ingestion_type': 'batch', 'file_name': 'tenant2-listings_summary_10.csv', 'ingestion_rate': 97559.08598804254, 'data_size': 7404160, 'successful_rows': 40438, 'failed_rows': 0, 'tenant_name': 'tenant2', 'timestamp': '2023-03-14 13:15:23.161420'}
2023-03-14 13:15:23 NativeEvent(path="/Users/zhangjinjia/code/big_data/cs-e4640-big-data-platform/assignment-2-100537677/code/client-staging-input-directory/tenant2-listings_summary_10.csv", inode=23088625, flags=10200, id=127411903): is_file, is_removed
2023-03-14 13:15:23 queue_event <FileDeletedEvent: event_type=deleted, src_path='/Users/zhangjinjia/code/big_data/cs-e4640-big-data-platform/assignment-2-100537677/code/client-staging-input-directory/tenant2-listings_summary_10.csv', is_directory=False
2023-03-14 13:15:23 queue_event <DirModifiedEvent: event_type=modified, src_path='/Users/zhangjinjia/code/big_data/cs-e4640-big-data-platform/assignment-2-100537677/code/client-staging-input-directory', is_directory=True
